INFO 2026-02-10 19:57:24,687 Xuesheng_v สีตฝศหมณีีฦฌษฯดซ: users_avatar2.jpg, ด๓ะก: 34642 bytes
INFO 2026-02-10 19:57:24,691 Xuesheng_v ศหมณีีฦฌาัฑฃดๆ: H:\_project\_python\r9821\dj_intellrnmgmtsystem\media\face\02861cec4287b7ecda8d34c819a7df0e.jpg
INFO 2026-02-10 19:57:24,727 Xuesheng_v ำรปงดดฝจณษนฆฃฌID: None
INFO 2026-02-10 19:57:24,727 Xuesheng_v Base64ฑเย๋อ๊ณษฃฌณคถศ: 46192
INFO 2026-02-10 19:57:24,997 face_util ณษนฆป๑ศกทรฮสม๎ลฦ
INFO 2026-02-10 19:57:25,639 face_util ณษนฆืขฒแศหมณฃฌำรปงID: None
INFO 2026-02-10 19:57:25,640 Xuesheng_v ังษ๚ศหมณืขฒแณษนฆฃฌำรปงID: None, ฝแน๛: {'error_code': 0, 'error_msg': 'SUCCESS', 'log_id': 3367426711, 'timestamp': 1770724645, 'cached': 0, 'result': {'face_token': '66f140c521191727c10273815f21af37', 'location': {'left': 176.61, 'top': 297.65, 'width': 241, 'height': 214, 'rotation': -1}}}
INFO 2026-02-10 21:26:39,465 face_util ณษนฆป๑ศกทรฮสม๎ลฦ
INFO 2026-02-10 21:26:39,846 face_util ีาตฝฦฅลไศหมณฃฌำรปงID: None, ฯเหฦถศ: 100
INFO 2026-02-10 21:27:28,002 face_util ณษนฆป๑ศกทรฮสม๎ลฦ
INFO 2026-02-10 21:27:28,498 face_util ีาตฝฦฅลไศหมณฃฌำรปงID: 1767439487002, ฯเหฦถศ: 99.97895050048828
INFO 2026-02-10 21:28:55,163 face_util ณษนฆป๑ศกทรฮสม๎ลฦ
INFO 2026-02-10 21:28:55,603 face_util ีาตฝฦฅลไศหมณฃฌำรปงID: 1767439487002, ฯเหฦถศ: 100
INFO 2026-02-10 21:35:25,842 face_util ณษนฆป๑ศกทรฮสม๎ลฦ
INFO 2026-02-10 21:35:26,235 face_util ีาตฝฦฅลไศหมณฃฌำรปงID: 1767439487002, ฯเหฦถศ: 99.98091125488281
INFO 2026-02-10 21:40:37,271 face_util ณษนฆป๑ศกทรฮสม๎ลฦ
INFO 2026-02-10 21:40:37,641 face_util ีาตฝฦฅลไศหมณฃฌำรปงID: 1767439487002, ฯเหฦถศ: 100
INFO 2026-02-10 21:41:24,467 face_util ณษนฆป๑ศกทรฮสม๎ลฦ
INFO 2026-02-10 21:41:24,868 face_util ีาตฝฦฅลไศหมณฃฌำรปงID: 1767439487002, ฯเหฦถศ: 100
INFO 2026-02-10 21:42:04,413 face_util ณษนฆป๑ศกทรฮสม๎ลฦ
INFO 2026-02-10 21:42:04,839 face_util ีาตฝฦฅลไศหมณฃฌำรปงID: 1767439487002, ฯเหฦถศ: 100
INFO 2026-02-10 21:42:37,003 face_util ณษนฆป๑ศกทรฮสม๎ลฦ
INFO 2026-02-10 21:42:37,392 face_util ีาตฝฦฅลไศหมณฃฌำรปงID: 1767439487002, ฯเหฦถศ: 99.97895050048828
INFO 2026-02-11 10:05:42,317 face_util ณษนฆป๑ศกทรฮสม๎ลฦ
INFO 2026-02-11 10:05:42,735 face_util ีาตฝฦฅลไศหมณฃฌำรปงID: 1767439487002, ฯเหฦถศ: 100
INFO 2026-02-11 10:05:59,304 face_util ณษนฆป๑ศกทรฮสม๎ลฦ
INFO 2026-02-11 10:05:59,893 face_util ีาตฝฦฅลไศหมณฃฌำรปงID: 2, ฯเหฦถศ: 28.76894187927246
INFO 2026-02-11 10:06:55,970 face_util ณษนฆป๑ศกทรฮสม๎ลฦ
INFO 2026-02-11 10:06:56,418 face_util ีาตฝฦฅลไศหมณฃฌำรปงID: 1767439487002, ฯเหฦถศ: 99.99203491210938
